[2014/12/22 10:54:48] [TestExecutor          ] [INFO ] ---
[2014/12/22 10:54:48] [TestExecutor          ] [INFO ] execute [MyBatis2]#1
[2014/12/22 10:54:49] [TestExecutor          ] [INFO ] elapsed time:24
[2014/12/22 10:54:49] [TestExecutor          ] [INFO ] elapsed time:9
[2014/12/22 10:54:49] [TestExecutor          ] [INFO ] elapsed time:8
[2014/12/22 10:54:49] [TestExecutor          ] [INFO ] Average:13.0
[2014/12/22 10:54:49] [TestExecutor          ] [INFO ] ---
[2014/12/22 10:54:49] [TestExecutor          ] [INFO ] ---
[2014/12/22 10:54:49] [TestExecutor          ] [INFO ] execute [MyBatis2]#2
[2014/12/22 10:54:49] [TestExecutor          ] [INFO ] elapsed time:26
[2014/12/22 10:54:49] [TestExecutor          ] [INFO ] elapsed time:8
[2014/12/22 10:54:49] [TestExecutor          ] [INFO ] elapsed time:21
[2014/12/22 10:54:49] [TestExecutor          ] [INFO ] Average:18.0
[2014/12/22 10:54:49] [TestExecutor          ] [INFO ] ---
[2014/12/22 10:54:49] [TestExecutor          ] [INFO ] ---
[2014/12/22 10:54:49] [TestExecutor          ] [INFO ] execute [MyBatis3]#1[SIMPLE]
[2014/12/22 10:54:49] [TestExecutor          ] [INFO ] elapsed time:10
[2014/12/22 10:54:49] [TestExecutor          ] [INFO ] elapsed time:7
[2014/12/22 10:54:49] [TestExecutor          ] [INFO ] elapsed time:7
[2014/12/22 10:54:49] [TestExecutor          ] [INFO ] Average:8.0
[2014/12/22 10:54:49] [TestExecutor          ] [INFO ] ---
[2014/12/22 10:54:49] [TestExecutor          ] [INFO ] ---
[2014/12/22 10:54:49] [TestExecutor          ] [INFO ] execute [MyBatis3]#1[REUSE]
[2014/12/22 10:54:49] [TestExecutor          ] [INFO ] elapsed time:6
[2014/12/22 10:54:49] [TestExecutor          ] [INFO ] elapsed time:8
[2014/12/22 10:54:49] [TestExecutor          ] [INFO ] elapsed time:7
[2014/12/22 10:54:49] [TestExecutor          ] [INFO ] Average:7.0
[2014/12/22 10:54:49] [TestExecutor          ] [INFO ] ---
[2014/12/22 10:54:49] [TestExecutor          ] [INFO ] ---
[2014/12/22 10:54:49] [TestExecutor          ] [INFO ] execute [MyBatis3]#1[BATCH]
[2014/12/22 10:54:49] [TestExecutor          ] [INFO ] elapsed time:16
[2014/12/22 10:54:49] [TestExecutor          ] [INFO ] elapsed time:10
[2014/12/22 10:54:49] [TestExecutor          ] [INFO ] elapsed time:8
[2014/12/22 10:54:49] [TestExecutor          ] [INFO ] Average:11.0
[2014/12/22 10:54:49] [TestExecutor          ] [INFO ] ---
[2014/12/22 10:54:49] [TestExecutor          ] [INFO ] ---
[2014/12/22 10:54:49] [TestExecutor          ] [INFO ] execute [MyBatis3]#2[SIMPLE]
[2014/12/22 10:54:49] [TestExecutor          ] [INFO ] elapsed time:6
[2014/12/22 10:54:49] [TestExecutor          ] [INFO ] elapsed time:6
[2014/12/22 10:54:49] [TestExecutor          ] [INFO ] elapsed time:15
[2014/12/22 10:54:49] [TestExecutor          ] [INFO ] Average:9.0
[2014/12/22 10:54:49] [TestExecutor          ] [INFO ] ---
[2014/12/22 10:54:49] [TestExecutor          ] [INFO ] ---
[2014/12/22 10:54:49] [TestExecutor          ] [INFO ] execute [MyBatis3]#2[REUSE]
[2014/12/22 10:54:49] [TestExecutor          ] [INFO ] elapsed time:7
[2014/12/22 10:54:49] [TestExecutor          ] [INFO ] elapsed time:13
[2014/12/22 10:54:49] [TestExecutor          ] [INFO ] elapsed time:7
[2014/12/22 10:54:49] [TestExecutor          ] [INFO ] Average:9.0
[2014/12/22 10:54:49] [TestExecutor          ] [INFO ] ---
[2014/12/22 10:54:49] [TestExecutor          ] [INFO ] ---
[2014/12/22 10:54:49] [TestExecutor          ] [INFO ] execute [MyBatis3]#2[BATCH]
[2014/12/22 10:54:49] [TestExecutor          ] [INFO ] elapsed time:10
[2014/12/22 10:54:49] [TestExecutor          ] [INFO ] elapsed time:8
[2014/12/22 10:54:49] [TestExecutor          ] [INFO ] elapsed time:5
[2014/12/22 10:54:49] [TestExecutor          ] [INFO ] Average:7.0
[2014/12/22 10:54:49] [TestExecutor          ] [INFO ] ---
